Apr 14, 2025 09:55:40.028 [0x7ad1b240fb38] INFO - Plex Tuner Service v1.41.6.9685-d301f511a - Docker Docker Container (LinuxServer.io) x86_64 - build: 
Apr 14, 2025 09:55:40.028 [0x7ad1b240fb38] INFO - Linux version: 6.8.0-57-generic (#59-Ubuntu SMP PREEMPT_DYNAMIC Sat Mar 15 17:40:59 UTC 2025), language: en-US
Apr 14, 2025 09:55:40.028 [0x7ad1b240fb38] INFO - Processor QEMU Virtual CPU version 2.5+
Apr 14, 2025 09:55:40.029 [0x7ad1b240fb38] INFO - /usr/lib/plexmediaserver/Plex Tuner Service /usr/lib/plexmediaserver/Resources/Tuner/Private /usr/lib/plexmediaserver/Resources/Tuner/Shared 1.41.6.9685-d301f511a 32600
Apr 14, 2025 09:55:40.028 [0x7ad1b3f80808] INFO - [I] broker_t::start...
Apr 14, 2025 09:55:40.029 [0x7ad1b3f80808] INFO - [I] device_manager_t::init.
Apr 14, 2025 09:55:40.029 [0x7ad1b3f80808] INFO - [I] device_manager_t::init. Initialize provider manager
Apr 14, 2025 09:55:40.029 [0x7ad1b3f80808] INFO - [I] device_manager_t::init. Initialize all device auxes
Apr 14, 2025 09:55:40.029 [0x7ad1b3f80808] INFO - [I] dvb_device_factory_t::get_aux_list
Apr 14, 2025 09:55:40.029 [0x7ad1b3f80808] INFO - [I] tvbutler_aux_t::init
Apr 14, 2025 09:55:40.030 [0x7ad1b3f80808] INFO - [I] web_server_t::start. Starting web server on port 32600
Apr 14, 2025 09:55:43.417 [0x7ad1b3f80808] INFO - Received SIGINT: Interrupt from keyboard.
Apr 14, 2025 09:55:43.441 [0x7ad1b3f80808] INFO - [I] device_manager_t::term
Apr 14, 2025 09:55:43.441 [0x7ad1b3f80808] INFO - [I] device_manager_t::term. Stop all devices
Apr 14, 2025 09:55:43.441 [0x7ad1b3f80808] INFO - [I] device_manager_t::term. Shut down all device auxes
Apr 14, 2025 09:55:43.441 [0x7ad1b3f80808] INFO - [I] tvbutler_aux_t::term
Apr 14, 2025 09:55:43.441 [0x7ad1b3f80808] INFO - [I] web_server_t::stop. Web server is stopped
Apr 14, 2025 09:55:43.441 [0x7ad1b3f80808] INFO - [I] device_manager_t::term
Apr 14, 2025 09:55:43.441 [0x7ad1b3f80808] INFO - [I] device_manager_t::term. Stop all devices
Apr 14, 2025 09:55:43.441 [0x7ad1b3f80808] INFO - [I] device_manager_t::term. Shut down all device auxes
Apr 14, 2025 09:55:43.441 [0x7ad1b3f80808] INFO - [I] broker_t::shutdown. Shutdown is completed.
